<?xml version="1.0" encoding="UTF-8"?>
<coverage generated="1753210818792" clover="3.2.0">
  <project timestamp="1753210818792" name="All files">
    <metrics statements="51" coveredstatements="46" conditionals="38" coveredconditionals="30" methods="9" coveredmethods="6" elements="98" coveredelements="82" complexity="0" loc="51" ncloc="51" packages="2" files="2" classes="2"/>
    <package name="components">
      <metrics statements="9" coveredstatements="9" conditionals="10" coveredconditionals="9" methods="1" coveredmethods="1"/>
      <file name="ProtectedRoute.jsx" path="C:\Users\Shashank kumar\Desktop\Web Development\CanteenApp\frontend\src\components\ProtectedRoute.jsx">
        <metrics statements="9" coveredstatements="9" conditionals="10" coveredconditionals="9" methods="1" coveredmethods="1"/>
        <line num="6" count="1" type="stmt"/>
        <line num="7" count="4" type="stmt"/>
        <line num="9" count="4" type="cond" truecount="2" falsecount="0"/>
        <line num="10" count="1" type="stmt"/>
        <line num="22" count="3" type="cond" truecount="2" falsecount="0"/>
        <line num="23" count="1" type="stmt"/>
        <line num="26" count="2" type="cond" truecount="4" falsecount="0"/>
        <line num="28" count="1" type="cond" truecount="1" falsecount="1"/>
        <line num="31" count="1" type="stmt"/>
      </file>
    </package>
    <package name="pages.employee">
      <metrics statements="42" coveredstatements="37" conditionals="28" coveredconditionals="21" methods="8" coveredmethods="5"/>
      <file name="EmployeeDashboard.jsx" path="C:\Users\Shashank kumar\Desktop\Web Development\CanteenApp\frontend\src\pages\employee\EmployeeDashboard.jsx">
        <metrics statements="42" coveredstatements="37" conditionals="28" coveredconditionals="21" methods="8" coveredmethods="5"/>
        <line num="12" count="1" type="stmt"/>
        <line num="18" count="1" type="stmt"/>
        <line num="19" count="5" type="stmt"/>
        <line num="20" count="5" type="stmt"/>
        <line num="21" count="5" type="stmt"/>
        <line num="22" count="5" type="stmt"/>
        <line num="23" count="5" type="stmt"/>
        <line num="24" count="5" type="stmt"/>
        <line num="26" count="5" type="stmt"/>
        <line num="27" count="4" type="stmt"/>
        <line num="28" count="4" type="stmt"/>
        <line num="29" count="4" type="stmt"/>
        <line num="32" count="5" type="stmt"/>
        <line num="33" count="4" type="stmt"/>
        <line num="34" count="4" type="stmt"/>
        <line num="35" count="4" type="stmt"/>
        <line num="36" count="4" type="stmt"/>
        <line num="37" count="4" type="stmt"/>
        <line num="38" count="3" type="stmt"/>
        <line num="39" count="2" type="stmt"/>
        <line num="41" count="2" type="stmt"/>
        <line num="42" count="2" type="cond" truecount="2" falsecount="0"/>
        <line num="44" count="4" type="stmt"/>
        <line num="48" count="5" type="stmt"/>
        <line num="49" count="4" type="stmt"/>
        <line num="50" count="4" type="stmt"/>
        <line num="51" count="4" type="stmt"/>
        <line num="52" count="4" type="stmt"/>
        <line num="53" count="4" type="stmt"/>
        <line num="54" count="4" type="stmt"/>
        <line num="55" count="3" type="stmt"/>
        <line num="57" count="1" type="stmt"/>
        <line num="58" count="1" type="cond" truecount="2" falsecount="0"/>
        <line num="59" count="1" type="stmt"/>
        <line num="61" count="4" type="stmt"/>
        <line num="65" count="5" type="stmt"/>
        <line num="81" count="0" type="stmt"/>
        <line num="82" count="0" type="stmt"/>
        <line num="83" count="0" type="stmt"/>
        <line num="147" count="0" type="cond" truecount="0" falsecount="2"/>
        <line num="170" count="15" type="stmt"/>
        <line num="174" count="0" type="cond" truecount="0" falsecount="2"/>
      </file>
    </package>
  </project>
</coverage>
