{"C:\\Users\\Shashank kumar\\Desktop\\Web Development\\CanteenApp\\frontend\\src\\components\\ProtectedRoute.jsx": {"path":"C:\\Users\\Shashank kumar\\Desktop\\Web Development\\CanteenApp\\frontend\\src\\components\\ProtectedRoute.jsx","statementMap":{"0":{"start":{"line":6,"column":23},"end":{"line":32,"column":1}},"1":{"start":{"line":7,"column":45},"end":{"line":7,"column":54}},"2":{"start":{"line":9,"column":2},"end":{"line":20,"column":3}},"3":{"start":{"line":10,"column":4},"end":{"line":19,"column":6}},"4":{"start":{"line":22,"column":2},"end":{"line":24,"column":3}},"5":{"start":{"line":23,"column":4},"end":{"line":23,"column":44}},"6":{"start":{"line":26,"column":2},"end":{"line":29,"column":3}},"7":{"start":{"line":28,"column":4},"end":{"line":28,"column":84}},"8":{"start":{"line":31,"column":2},"end":{"line":31,"column":18}}},"fnMap":{"0":{"name":"(anonymous_0)","decl":{"start":{"line":6,"column":23},"end":{"line":6,"column":24}},"loc":{"start":{"line":6,"column":47},"end":{"line":32,"column":1}},"line":6}},"branchMap":{"0":{"loc":{"start":{"line":9,"column":2},"end":{"line":20,"column":3}},"type":"if","locations":[{"start":{"line":9,"column":2},"end":{"line":20,"column":3}},{"start":{},"end":{}}],"line":9},"1":{"loc":{"start":{"line":22,"column":2},"end":{"line":24,"column":3}},"type":"if","locations":[{"start":{"line":22,"column":2},"end":{"line":24,"column":3}},{"start":{},"end":{}}],"line":22},"2":{"loc":{"start":{"line":26,"column":2},"end":{"line":29,"column":3}},"type":"if","locations":[{"start":{"line":26,"column":2},"end":{"line":29,"column":3}},{"start":{},"end":{}}],"line":26},"3":{"loc":{"start":{"line":26,"column":6},"end":{"line":26,"column":32}},"type":"binary-expr","locations":[{"start":{"line":26,"column":6},"end":{"line":26,"column":10}},{"start":{"line":26,"column":14},"end":{"line":26,"column":32}}],"line":26},"4":{"loc":{"start":{"line":28,"column":25},"end":{"line":28,"column":71}},"type":"cond-expr","locations":[{"start":{"line":28,"column":49},"end":{"line":28,"column":57}},{"start":{"line":28,"column":60},"end":{"line":28,"column":71}}],"line":28}},"s":{"0":1,"1":4,"2":4,"3":1,"4":3,"5":1,"6":2,"7":1,"8":1},"f":{"0":4},"b":{"0":[1,3],"1":[1,2],"2":[1,1],"3":[2,2],"4":[1,0]},"_coverageSchema":"1a1c01bbd47fc00a2c39e90264f33305004495a9","hash":"be5708f12791320559759b6367adf7f54dbae9ba"}
,"C:\\Users\\Shashank kumar\\Desktop\\Web Development\\CanteenApp\\frontend\\src\\pages\\employee\\EmployeeDashboard.jsx": {"path":"C:\\Users\\Shashank kumar\\Desktop\\Web Development\\CanteenApp\\frontend\\src\\pages\\employee\\EmployeeDashboard.jsx","statementMap":{"0":{"start":{"line":12,"column":19},"end":{"line":16,"column":1}},"1":{"start":{"line":18,"column":26},"end":{"line":191,"column":1}},"2":{"start":{"line":19,"column":19},"end":{"line":19,"column":28}},"3":{"start":{"line":20,"column":32},"end":{"line":20,"column":46}},"4":{"start":{"line":21,"column":32},"end":{"line":21,"column":46}},"5":{"start":{"line":22,"column":30},"end":{"line":22,"column":42}},"6":{"start":{"line":23,"column":44},"end":{"line":23,"column":58}},"7":{"start":{"line":24,"column":28},"end":{"line":24,"column":40}},"8":{"start":{"line":26,"column":2},"end":{"line":30,"column":9}},"9":{"start":{"line":27,"column":4},"end":{"line":27,"column":58}},"10":{"start":{"line":28,"column":4},"end":{"line":28,"column":27}},"11":{"start":{"line":29,"column":4},"end":{"line":29,"column":30}},"12":{"start":{"line":32,"column":31},"end":{"line":46,"column":3}},"13":{"start":{"line":33,"column":4},"end":{"line":33,"column":21}},"14":{"start":{"line":34,"column":4},"end":{"line":34,"column":17}},"15":{"start":{"line":35,"column":4},"end":{"line":45,"column":5}},"16":{"start":{"line":36,"column":6},"end":{"line":36,"column":50}},"17":{"start":{"line":37,"column":18},"end":{"line":37,"column":62}},"18":{"start":{"line":38,"column":6},"end":{"line":38,"column":58}},"19":{"start":{"line":39,"column":6},"end":{"line":39,"column":27}},"20":{"start":{"line":41,"column":6},"end":{"line":41,"column":59}},"21":{"start":{"line":42,"column":6},"end":{"line":42,"column":81}},"22":{"start":{"line":44,"column":6},"end":{"line":44,"column":24}},"23":{"start":{"line":48,"column":34},"end":{"line":63,"column":3}},"24":{"start":{"line":49,"column":4},"end":{"line":49,"column":27}},"25":{"start":{"line":50,"column":4},"end":{"line":50,"column":17}},"26":{"start":{"line":51,"column":4},"end":{"line":62,"column":5}},"27":{"start":{"line":52,"column":6},"end":{"line":52,"column":53}},"28":{"start":{"line":53,"column":18},"end":{"line":53,"column":51}},"29":{"start":{"line":54,"column":6},"end":{"line":54,"column":61}},"30":{"start":{"line":55,"column":6},"end":{"line":55,"column":38}},"31":{"start":{"line":57,"column":6},"end":{"line":57,"column":62}},"32":{"start":{"line":58,"column":6},"end":{"line":58,"column":83}},"33":{"start":{"line":59,"column":6},"end":{"line":59,"column":20}},"34":{"start":{"line":61,"column":6},"end":{"line":61,"column":30}},"35":{"start":{"line":65,"column":2},"end":{"line":190,"column":4}},"36":{"start":{"line":81,"column":14},"end":{"line":81,"column":27}},"37":{"start":{"line":82,"column":14},"end":{"line":82,"column":37}},"38":{"start":{"line":83,"column":14},"end":{"line":83,"column":40}},"39":{"start":{"line":147,"column":20},"end":{"line":158,"column":26}},"40":{"start":{"line":170,"column":10},"end":{"line":186,"column":17}},"41":{"start":{"line":174,"column":29},"end":{"line":174,"column":76}}},"fnMap":{"0":{"name":"(anonymous_0)","decl":{"start":{"line":18,"column":26},"end":{"line":18,"column":27}},"loc":{"start":{"line":18,"column":32},"end":{"line":191,"column":1}},"line":18},"1":{"name":"(anonymous_1)","decl":{"start":{"line":26,"column":12},"end":{"line":26,"column":13}},"loc":{"start":{"line":26,"column":18},"end":{"line":30,"column":3}},"line":26},"2":{"name":"(anonymous_2)","decl":{"start":{"line":32,"column":31},"end":{"line":32,"column":32}},"loc":{"start":{"line":32,"column":43},"end":{"line":46,"column":3}},"line":32},"3":{"name":"(anonymous_3)","decl":{"start":{"line":48,"column":34},"end":{"line":48,"column":35}},"loc":{"start":{"line":48,"column":46},"end":{"line":63,"column":3}},"line":48},"4":{"name":"(anonymous_4)","decl":{"start":{"line":80,"column":58},"end":{"line":80,"column":59}},"loc":{"start":{"line":80,"column":64},"end":{"line":84,"column":13}},"line":80},"5":{"name":"(anonymous_5)","decl":{"start":{"line":146,"column":30},"end":{"line":146,"column":31}},"loc":{"start":{"line":147,"column":20},"end":{"line":158,"column":26}},"line":147},"6":{"name":"(anonymous_6)","decl":{"start":{"line":169,"column":24},"end":{"line":169,"column":25}},"loc":{"start":{"line":170,"column":10},"end":{"line":186,"column":17}},"line":170},"7":{"name":"(anonymous_7)","decl":{"start":{"line":174,"column":23},"end":{"line":174,"column":24}},"loc":{"start":{"line":174,"column":29},"end":{"line":174,"column":76}},"line":174}},"branchMap":{"0":{"loc":{"start":{"line":42,"column":15},"end":{"line":42,"column":79}},"type":"binary-expr","locations":[{"start":{"line":42,"column":15},"end":{"line":42,"column":40}},{"start":{"line":42,"column":44},"end":{"line":42,"column":79}}],"line":42},"1":{"loc":{"start":{"line":58,"column":15},"end":{"line":58,"column":81}},"type":"binary-expr","locations":[{"start":{"line":58,"column":15},"end":{"line":58,"column":40}},{"start":{"line":58,"column":44},"end":{"line":58,"column":81}}],"line":58},"2":{"loc":{"start":{"line":75,"column":7},"end":{"line":95,"column":7}},"type":"binary-expr","locations":[{"start":{"line":75,"column":7},"end":{"line":75,"column":12}},{"start":{"line":76,"column":8},"end":{"line":94,"column":16}}],"line":75},"3":{"loc":{"start":{"line":102,"column":17},"end":{"line":102,"column":106}},"type":"cond-expr","locations":[{"start":{"line":102,"column":27},"end":{"line":102,"column":73}},{"start":{"line":102,"column":76},"end":{"line":102,"column":106}}],"line":102},"4":{"loc":{"start":{"line":102,"column":80},"end":{"line":102,"column":104}},"type":"binary-expr","locations":[{"start":{"line":102,"column":80},"end":{"line":102,"column":96}},{"start":{"line":102,"column":100},"end":{"line":102,"column":104}}],"line":102},"5":{"loc":{"start":{"line":115,"column":17},"end":{"line":115,"column":109}},"type":"cond-expr","locations":[{"start":{"line":115,"column":27},"end":{"line":115,"column":73}},{"start":{"line":115,"column":76},"end":{"line":115,"column":109}}],"line":115},"6":{"loc":{"start":{"line":115,"column":80},"end":{"line":115,"column":107}},"type":"binary-expr","locations":[{"start":{"line":115,"column":80},"end":{"line":115,"column":99}},{"start":{"line":115,"column":103},"end":{"line":115,"column":107}}],"line":115},"7":{"loc":{"start":{"line":128,"column":17},"end":{"line":128,"column":102}},"type":"cond-expr","locations":[{"start":{"line":128,"column":27},"end":{"line":128,"column":73}},{"start":{"line":128,"column":76},"end":{"line":128,"column":102}}],"line":128},"8":{"loc":{"start":{"line":128,"column":76},"end":{"line":128,"column":102}},"type":"binary-expr","locations":[{"start":{"line":128,"column":76},"end":{"line":128,"column":94}},{"start":{"line":128,"column":98},"end":{"line":128,"column":102}}],"line":128},"9":{"loc":{"start":{"line":140,"column":15},"end":{"line":161,"column":15}},"type":"cond-expr","locations":[{"start":{"line":141,"column":16},"end":{"line":141,"column":46}},{"start":{"line":142,"column":18},"end":{"line":161,"column":15}}],"line":140},"10":{"loc":{"start":{"line":142,"column":18},"end":{"line":161,"column":15}},"type":"cond-expr","locations":[{"start":{"line":143,"column":16},"end":{"line":143,"column":91}},{"start":{"line":145,"column":16},"end":{"line":160,"column":22}}],"line":142},"11":{"loc":{"start":{"line":147,"column":170},"end":{"line":147,"column":228}},"type":"cond-expr","locations":[{"start":{"line":147,"column":198},"end":{"line":147,"column":219}},{"start":{"line":147,"column":222},"end":{"line":147,"column":228}}],"line":147},"12":{"loc":{"start":{"line":148,"column":94},"end":{"line":148,"column":136}},"type":"cond-expr","locations":[{"start":{"line":148,"column":117},"end":{"line":148,"column":126}},{"start":{"line":148,"column":129},"end":{"line":148,"column":136}}],"line":148},"13":{"loc":{"start":{"line":174,"column":29},"end":{"line":174,"column":76}},"type":"binary-expr","locations":[{"start":{"line":174,"column":29},"end":{"line":174,"column":38}},{"start":{"line":174,"column":43},"end":{"line":174,"column":75}}],"line":174}},"s":{"0":1,"1":1,"2":5,"3":5,"4":5,"5":5,"6":5,"7":5,"8":5,"9":4,"10":4,"11":4,"12":5,"13":4,"14":4,"15":4,"16":4,"17":4,"18":3,"19":2,"20":2,"21":2,"22":4,"23":5,"24":4,"25":4,"26":4,"27":4,"28":4,"29":4,"30":3,"31":1,"32":1,"33":1,"34":4,"35":5,"36":0,"37":0,"38":0,"39":0,"40":15,"41":0},"f":{"0":5,"1":4,"2":4,"3":4,"4":0,"5":0,"6":15,"7":0},"b":{"0":[2,1],"1":[1,1],"2":[5,1],"3":[4,1],"4":[1,1],"5":[4,1],"6":[1,1],"7":[4,1],"8":[1,1],"9":[4,1],"10":[1,0],"11":[0,0],"12":[0,0],"13":[0,0]},"_coverageSchema":"1a1c01bbd47fc00a2c39e90264f33305004495a9","hash":"5b58e20f6d55463a3895dc75f03a8afb02388c63"}
}
