TN:
SF:src\components\ProtectedRoute.jsx
FN:6,(anonymous_0)
FNF:1
FNH:1
FNDA:4,(anonymous_0)
DA:6,1
DA:7,4
DA:9,4
DA:10,1
DA:22,3
DA:23,1
DA:26,2
DA:28,1
DA:31,1
LF:9
LH:9
BRDA:9,0,0,1
BRDA:9,0,1,3
BRDA:22,1,0,1
BRDA:22,1,1,2
BRDA:26,2,0,1
BRDA:26,2,1,1
BRDA:26,3,0,2
BRDA:26,3,1,2
BRDA:28,4,0,1
BRDA:28,4,1,0
BRF:10
BRH:9
end_of_record
TN:
SF:src\pages\employee\EmployeeDashboard.jsx
FN:18,(anonymous_0)
FN:26,(anonymous_1)
FN:32,(anonymous_2)
FN:48,(anonymous_3)
FN:80,(anonymous_4)
FN:146,(anonymous_5)
FN:169,(anonymous_6)
FN:174,(anonymous_7)
FNF:8
FNH:5
FNDA:5,(anonymous_0)
FNDA:4,(anonymous_1)
FNDA:4,(anonymous_2)
FNDA:4,(anonymous_3)
FNDA:0,(anonymous_4)
FNDA:0,(anonymous_5)
FNDA:15,(anonymous_6)
FNDA:0,(anonymous_7)
DA:12,1
DA:18,1
DA:19,5
DA:20,5
DA:21,5
DA:22,5
DA:23,5
DA:24,5
DA:26,5
DA:27,4
DA:28,4
DA:29,4
DA:32,5
DA:33,4
DA:34,4
DA:35,4
DA:36,4
DA:37,4
DA:38,3
DA:39,2
DA:41,2
DA:42,2
DA:44,4
DA:48,5
DA:49,4
DA:50,4
DA:51,4
DA:52,4
DA:53,4
DA:54,4
DA:55,3
DA:57,1
DA:58,1
DA:59,1
DA:61,4
DA:65,5
DA:81,0
DA:82,0
DA:83,0
DA:147,0
DA:170,15
DA:174,0
LF:42
LH:37
BRDA:42,0,0,2
BRDA:42,0,1,1
BRDA:58,1,0,1
BRDA:58,1,1,1
BRDA:75,2,0,5
BRDA:75,2,1,1
BRDA:102,3,0,4
BRDA:102,3,1,1
BRDA:102,4,0,1
BRDA:102,4,1,1
BRDA:115,5,0,4
BRDA:115,5,1,1
BRDA:115,6,0,1
BRDA:115,6,1,1
BRDA:128,7,0,4
BRDA:128,7,1,1
BRDA:128,8,0,1
BRDA:128,8,1,1
BRDA:140,9,0,4
BRDA:140,9,1,1
BRDA:142,10,0,1
BRDA:142,10,1,0
BRDA:147,11,0,0
BRDA:147,11,1,0
BRDA:148,12,0,0
BRDA:148,12,1,0
BRDA:174,13,0,0
BRDA:174,13,1,0
BRF:28
BRH:21
end_of_record
